                          1.10         95.62                65.42
                          1.20         94.34                66.70
                          1.30         93.15                67.89
                          1.40         92.04                69.00
                          1.50         91.00                70.04
                          1.60         90.02                71.03
                          1.70         89.08                71.96
                          1.80         88.20                72.84
                          1.90         87.36                73.68
                          2.00         86.55                74.49
                          2.10         85.78                75.26
                          2.20         85.05                75.99
                          2.30         84.34                76.70
                          2.40         83.66                77.38
                          2.50         83.00                78.04
                          2.60         82.37                78.67
                          2.70         81.76                79.28
                          2.80         81.17                79.87
                          2.90         80.60                80.44
                          3.00         80.04                81.00
                          3.10         79.51                81.54
                          3.20         78.98                82.06
                          3.30         78.48                82.56
                          3.40         77.98                83.06
                          3.50         77.50                83.54
                          3.60         77.04                84.00
                          3.70         76.58                84.46
                          3.80         76.14                84.90
                          3.90         75.70                85.34
                          4.00         75.28                85.76
                          4.10         74.87                86.17
                          4.20         74.46                86.58
                          4.30         74.07                86.97
                          4.40         73.68                87.36
                          4.50         73.30                87.74
                          4.60         72.93                88.11
                          4.70         72.57                88.47
                          4.80         72.21                88.83
                          4.90         71.86                89.18
                          5.00         71.52                89.52
                          5.10         71.18                89.86
                          5.20         70.85                90.19
                          5.30         70.53                90.51
                          5.40         70.21                90.83
                          5.50         69.90                91.14
                          5.60         69.59                91.45
                          5.70         69.29                91.75
                          5.80         68.99                92.05
                          5.90         68.70                92.34
                          6.00         68.41                92.63
                          6.10         68.13                92.91
                          6.20         67.85                93.19
                          6.30         67.58                93.47
                          6.40         67.31                93.74
                          6.50         67.04                94.00
                          6.60         66.78                94.26
                          6.70         66.52                94.52
                          6.80         66.26                94.78
                          6.90         66.01                95.03
                          7.00         65.76                95.28
                          7.10         65.52                95.52
                          7.20         65.28                95.76
                          7.30         65.04                96.00
                          7.40         64.80                96.24
                          7.50         64.57                96.47
                          7.60         64.34                96.70
                          7.70         64.12                96.92
                          7.80         63.89                97.15
                          7.90         63.67                97.37
                          8.00         63.45                97.59
                          8.10         63.24                97.80
                          8.20         63.03                98.01
                          8.30         62.82                98.23
                          8.40         62.61                98.43
                          8.50         62.40                98.64
                          8.60         62.20                98.84
                          8.70         62.00                99.04
                          8.80         61.80                99.24
                          8.90         61.60                99.44
                          9.00         61.41                99.63
                          9.10         61.22                99.83
                          9.20         61.02               100.02
                          9.30         60.84               100.21
                          9.40         60.65               100.39
                          9.50         60.46               100.58
                          9.60         60.28               100.76
                          9.70         60.10               100.94
                          9.80         59.92               101.12
                          9.90         59.74               101.30
                         10.00         59.57               101.47
                         10.00         59.57               101.47
                                                                          (R)
                         10.00          0.00                 0.00
                         11.00         57.90               103.14
                         12.00         56.37               104.67
                         13.00         54.96               106.09
                         14.00         53.64               107.40
                         15.00         52.42               108.62
                         16.00         51.27               109.77
                         17.00         50.18               110.86
                         18.00         49.16               111.88
                         19.00         48.18               112.86
                         20.00         47.26               113.78
                         21.00         46.37               114.67
                         22.00         45.53               115.52
                         23.00         44.71               116.33
                         24.00         43.94               117.11
                         25.00         43.19               117.86
                         26.00         42.46               118.58
                         27.00         41.76               119.28
                         28.00         41.09               119.95
                         28.17         40.97               120.07
                                                                          (R)
                         28.17         41.01               120.03
                         29.00         40.47               120.57
                         30.00         39.83               121.21
                         31.00         39.22               121.82
                         32.00         38.61               122.43
                         33.00         38.03               123.01
                         34.00         37.46               123.58
                         35.00         36.90               124.14
                         36.00         36.36               124.68
                         37.00         35.83               125.22
                         38.00         35.31               125.74
                         39.00         34.80               126.24
                         40.00         34.30               126.74
                         41.00         33.81               127.23
                         42.00         33.33               127.71
                         43.00         32.86               128.18
                         44.00         32.40               128.64
                         45.00         31.95               129.09
                         46.00         31.50               129.54
                         47.00         31.07               129.97
                         48.00         30.64               130.41
                         49.00         30.22               130.83
                         50.00         29.80               131.24
                         51.00         29.39               131.65
                         52.00         28.98               132.06
                         53.00         28.58               132.46
                         54.00         28.19               132.85
                         55.00         27.80               133.24
                         56.00         27.42               133.63
                         57.00         27.04               134.01
                         58.00         26.66               134.38
                         59.00         26.29               134.75
                         60.00         25.93               135.12
                         61.00         25.56               135.48
                         62.00         25.21               135.83
                         63.00         24.85               136.19
                         64.00         24.51               136.53
                         65.00         24.16               136.88
                         66.00         23.82               137.22
                         67.00         23.48               137.56
                         68.00         23.14               137.90
                         69.00         22.81               138.23
                         70.00         22.48               138.56
                         71.00         22.15               138.89
                         72.00         21.83               139.21
                         73.00         21.51               139.54
                         74.00         21.19               139.85
                         75.00         20.87               140.17
                         76.00         20.56               140.48
                         77.00         20.25               140.80
                         78.00         19.94               141.11
                         79.00         19.63               141.41
                         80.00         19.32               141.72
                         81.00         19.02               142.02
                         82.00         18.72               142.32
                         83.00         18.42               142.62
                         84.00         18.13               142.91
                         85.00         17.83               143.21
                         86.00         17.54               143.50
                         87.00         17.25               143.79
                         88.00         16.96               144.08
                         89.00         16.67               144.37
                         90.00         16.39               144.65
                         91.00         16.11               144.93
                         92.00         15.82               145.22
                         93.00         15.54               145.50
                         94.00         15.26               145.78
                         95.00         14.98               146.06
                         96.00         14.71               146.33
                         97.00         14.43               146.61
                         98.00         14.16               146.88
                         99.00         13.88               147.16
                        100.00         13.61               147.43
                        100.00         13.61               147.43
                        110.00         10.96               150.08
                        120.00          8.40               152.64
                        130.00          5.92               155.12
                        140.00          3.50               157.54
                        150.00          1.13               159.91
                        160.00         -1.20               162.24
                        170.00         -3.50               164.54
                        180.00         -5.78               166.82
                        190.00         -8.03               169.07
                        200.00        -10.26               171.31
                        210.00        -12.48               173.52
                        220.00        -14.69               175.73
                        230.00        -16.89               177.93
                        240.00        -19.07               180.11
                        250.00        -21.25               182.29
                        260.00        -23.42               184.47
                        270.00        -25.59               186.63
                        280.00        -27.75               188.79
                        290.00        -29.91               190.95
                        300.00        -32.06               193.10
                        310.00        -34.20               195.24
                        320.00        -36.35               197.39
                        330.00        -38.48               199.53
                        340.00        -40.62               201.66
                        350.00        -42.75               203.79
                        360.00        -44.88               205.92
                        370.00        -47.01               208.05
                        380.00        -49.13               210.17
                        390.00        -51.25               212.29
                        400.00        -53.37               214.41
                        410.00        -55.49               216.53
                        420.00        -57.60               218.64
                        430.00        -59.71               220.75
                        440.00        -61.82               222.86
                        450.00        -63.93               224.97
                        460.00        -66.03               227.07
                        470.00        -68.14               229.18
                        480.00        -70.24               231.28
                        490.00        -72.34               233.38
                        500.00        -74.43               235.48
                        510.00        -76.53               237.57
                        520.00        -78.62               239.66
                        530.00        -80.72               241.76
                        540.00        -82.81               243.85
                        550.00        -84.90               245.94
                        560.00        -86.98               248.03
                        570.00        -89.07               250.11
                        580.00        -91.16               252.20
                        590.00        -93.24               254.28
                        600.00        -95.32               256.36
                        610.00        -97.40               258.44
                        620.00        -99.48               260.52
                        630.00       -101.56               262.60
                        640.00       -103.64               264.68
                        650.00       -105.72               266.76
                        660.00       -107.79               268.83
                        670.00       -109.87               270.91
                        680.00       -111.94               272.98
                        690.00       -114.02               275.06
                        700.00       -116.09               277.13
                        710.00       -118.16               279.20
                        720.00       -120.23               281.27
                        730.00       -122.30               283.34
                        740.00       -124.37               285.41
                        750.00       -126.43               287.48
                        760.00       -128.50               289.54
                        770.00       -130.57               291.61
                        780.00       -132.63               293.67
                        790.00       -134.70               295.74
                        800.00       -136.76               297.80
                        810.00       -138.83               299.87
                        820.00       -140.89               301.93
                        830.00       -142.95               303.99
                        840.00       -145.01               306.05
                        850.00       -147.07               308.11
                        860.00       -149.13               310.18
                        870.00       -151.19               312.23
                        880.00       -153.25               314.29
                        890.00       -155.31               316.35
                        900.00       -157.37               318.41
                        910.00       -159.43               320.47
                        920.00       -161.48               322.52
                        930.00       -163.54               324.58
                        940.00       -165.60               326.64
                        950.00       -167.65               328.69
                        960.00       -169.71               330.75
                        970.00       -171.76               332.80
                        980.00       -173.81               334.86
                        990.00       -175.87               336.91
                       1000.00       -177.92               338.96
                       1000.00       -177.92               338.96
                       1100.00       -198.43               359.47
                       1200.00       -218.90               379.94
                       1300.00       -239.34               400.38
                       1400.00       -259.76               420.80
                       1500.00       -280.15               441.19
                       1600.00       -300.52               461.56
                       1700.00       -320.88               481.92
                       1800.00       -341.22               502.26
                       1900.00       -361.54               522.59
                       2000.00       -381.86               542.90
                       2100.00       -402.16               563.20
                       2200.00       -422.45               583.50
                       2300.00       -442.74               603.78
                       2400.00       -463.01               624.05
                       2500.00       -483.28               644.32
                       2600.00       -503.54               664.58
                       2700.00       -523.79               684.83
                       2800.00       -544.04               705.08
                       2900.00       -564.28               725.32
                       3000.00       -584.51               745.55
                       3100.00       -604.74               765.78
                       3200.00       -624.96               786.01
                       3300.00       -645.18               806.23
                       3400.00       -665.40               826.44
                       3500.00       -685.61               846.65
                       3600.00       -705.82               866.86
                       3700.00       -726.02               887.06
                       3800.00       -746.22               907.26
                       3900.00       -766.42               927.46
                       4000.00       -786.61               947.65
                       4100.00       -806.80               967.84
                       4200.00       -826.99               988.03
                       4300.00       -847.18              1008.22
                       4400.00       -867.36              1028.40
                       4500.00       -887.54              1048.58
                       4600.00       -907.71              1068.75
                       4700.00       -927.89              1088.93
                       4800.00       -948.06              1109.10
                       4900.00       -968.23              1129.27
                       5000.00       -988.40              1149.44
                       5100.00       *******              1169.60
                       5200.00       *******              1189.77
                       5300.00       *******              1209.93
                       5400.00       *******              1230.09
                       5500.00       *******              1250.24
                       5600.00       *******              1270.40
                       5700.00       *******              1290.55
                       5800.00       *******              1310.71
                       5900.00       *******              1330.86
                       6000.00       *******              1351.00
                       6100.00       *******              1371.15
                       6200.00       *******              1391.30
                       6300.00       *******              1411.44
                       6400.00       *******              1431.58
                       6500.00       *******              1451.72
                       6600.00       *******              1471.86
                       6700.00       *******              1492.00
                       6800.00       *******              1512.14
                       6900.00       *******              1532.27
                       7000.00       *******              1552.40
                       7100.00       *******              1572.54
                       7200.00       *******              1592.67
                       7300.00       *******              1612.80
                       7400.00       *******              1632.93
                       7500.00       *******              1653.05
                       7600.00       *******              1673.18
                       7700.00       *******              1693.30
                       7800.00       *******              1713.43
                       7900.00       *******              1733.55
                       8000.00       *******              1753.67
                       8100.00       *******              1773.79
                       8200.00       *******              1793.91
                       8300.00       *******              1814.02
                       8400.00       *******              1834.14
                       8500.00       *******              1854.26
                       8600.00       *******              1874.37
                       8700.00       *******              1894.48
                       8800.00       *******              1914.59
                       8900.00       *******              1934.70
                       9000.00       *******              1954.81
                       9100.00       *******              1974.92
                       9200.00       *******              1995.03
                       9300.00       *******              2015.14
                       9400.00       *******              2035.24
                       9500.00       *******              2055.34
                       9600.00       *******              2075.45
                       9700.00       *******              2095.55
                       9800.00       *******              2115.65
                       9900.00       *******              2135.75
                       *******       *******              2155.85
